0 info it worked if it ends with ok
1 verbose cli [ '/usr/local/bin/node',
1 verbose cli   '/usr/local/bin/npm',
1 verbose cli   'install',
1 verbose cli   'base64',
1 verbose cli   '--save' ]
2 info using npm@3.10.3
3 info using node@v6.4.0
4 silly loadCurrentTree Starting
5 silly install loadCurrentTree
6 silly install readLocalPackageData
7 silly fetchPackageMetaData base64
8 silly fetchNamedPackageData base64
9 silly mapToRegistry name base64
10 silly mapToRegistry using default registry
11 silly mapToRegistry registry https://registry.npmjs.org/
12 silly mapToRegistry data Result {
12 silly mapToRegistry   raw: 'base64',
12 silly mapToRegistry   scope: null,
12 silly mapToRegistry   escapedName: 'base64',
12 silly mapToRegistry   name: 'base64',
12 silly mapToRegistry   rawSpec: '',
12 silly mapToRegistry   spec: 'latest',
12 silly mapToRegistry   type: 'tag' }
13 silly mapToRegistry uri https://registry.npmjs.org/base64
14 verbose request uri https://registry.npmjs.org/base64
15 verbose request no auth needed
16 info attempt registry request try #1 at 4:46:23 PM
17 verbose request id 640b4f0fc62d2e4f
18 verbose etag "2HUBENGYKYW770NDYMFRC95I0"
19 http request GET https://registry.npmjs.org/base64
20 http 304 https://registry.npmjs.org/base64
21 verbose headers { date: 'Mon, 10 Oct 2016 11:16:19 GMT',
21 verbose headers   via: '1.1 varnish',
21 verbose headers   'cache-control': 'max-age=300',
21 verbose headers   etag: '"2HUBENGYKYW770NDYMFRC95I0"',
21 verbose headers   age: '0',
21 verbose headers   connection: 'keep-alive',
21 verbose headers   'x-served-by': 'cache-sin6922-SIN',
21 verbose headers   'x-cache': 'MISS',
21 verbose headers   'x-cache-hits': '0',
21 verbose headers   'x-timer': 'S1476098179.150122,VS0,VE247',
21 verbose headers   vary: 'Accept-Encoding' }
22 silly get cb [ 304,
22 silly get   { date: 'Mon, 10 Oct 2016 11:16:19 GMT',
22 silly get     via: '1.1 varnish',
22 silly get     'cache-control': 'max-age=300',
22 silly get     etag: '"2HUBENGYKYW770NDYMFRC95I0"',
22 silly get     age: '0',
22 silly get     connection: 'keep-alive',
22 silly get     'x-served-by': 'cache-sin6922-SIN',
22 silly get     'x-cache': 'MISS',
22 silly get     'x-cache-hits': '0',
22 silly get     'x-timer': 'S1476098179.150122,VS0,VE247',
22 silly get     vary: 'Accept-Encoding' } ]
23 verbose etag https://registry.npmjs.org/base64 from cache
24 verbose get saving base64 to /home/bridgeit/.npm/registry.npmjs.org/base64/.cache.json
25 verbose correctMkdir /home/bridgeit/.npm correctMkdir not in flight; initializing
26 silly install normalizeTree
27 silly loadCurrentTree Finishing
28 silly loadIdealTree Starting
29 silly install loadIdealTree
30 silly cloneCurrentTree Starting
31 silly install cloneCurrentTreeToIdealTree
32 silly cloneCurrentTree Finishing
33 silly loadShrinkwrap Starting
34 silly install loadShrinkwrap
35 silly loadShrinkwrap Finishing
36 silly loadAllDepsIntoIdealTree Starting
37 silly install loadAllDepsIntoIdealTree
38 silly resolveWithNewModule base64@2.1.0 checking installable status
39 silly cache add args [ 'base64', null ]
40 verbose cache add spec base64
41 silly cache add parsed spec Result {
41 silly cache add   raw: 'base64',
41 silly cache add   scope: null,
41 silly cache add   escapedName: 'base64',
41 silly cache add   name: 'base64',
41 silly cache add   rawSpec: '',
41 silly cache add   spec: 'latest',
41 silly cache add   type: 'tag' }
42 silly addNamed base64@latest
43 verbose addNamed "latest" is being treated as a dist-tag for base64
44 info addNameTag [ 'base64', 'latest' ]
45 silly mapToRegistry name base64
46 silly mapToRegistry using default registry
47 silly mapToRegistry registry https://registry.npmjs.org/
48 silly mapToRegistry data Result {
48 silly mapToRegistry   raw: 'base64',
48 silly mapToRegistry   scope: null,
48 silly mapToRegistry   escapedName: 'base64',
48 silly mapToRegistry   name: 'base64',
48 silly mapToRegistry   rawSpec: '',
48 silly mapToRegistry   spec: 'latest',
48 silly mapToRegistry   type: 'tag' }
49 silly mapToRegistry uri https://registry.npmjs.org/base64
50 verbose addNameTag registry:https://registry.npmjs.org/base64 not in flight; fetching
51 verbose get https://registry.npmjs.org/base64 not expired, no request
52 silly addNameTag next cb for base64 with tag latest
53 silly addNamed base64@2.1.0
54 verbose addNamed "2.1.0" is a plain semver version for base64
55 silly cache afterAdd base64@2.1.0
56 verbose afterAdd /home/bridgeit/.npm/base64/2.1.0/package/package.json not in flight; writing
57 verbose correctMkdir /home/bridgeit/.npm correctMkdir not in flight; initializing
58 verbose afterAdd /home/bridgeit/.npm/base64/2.1.0/package/package.json written
59 silly loadAllDepsIntoIdealTree Finishing
60 silly loadIdealTree Finishing
61 silly currentTree bridgedata@0.0.0
61 silly currentTree +-- accepts@1.3.3
61 silly currentTree +-- after@0.8.1
61 silly currentTree +-- ansi-regex@2.0.0
61 silly currentTree +-- ansi-styles@2.2.1
61 silly currentTree +-- append-field@0.1.0
61 silly currentTree +-- array-flatten@1.1.1
61 silly currentTree +-- arraybuffer.slice@0.0.6
61 silly currentTree +-- asn1@0.2.3
61 silly currentTree +-- assert-plus@0.2.0
61 silly currentTree +-- async@1.5.2
61 silly currentTree +-- asynckit@0.4.0
61 silly currentTree +-- aws-sign2@0.6.0
61 silly currentTree +-- aws4@1.4.1
61 silly currentTree +-- backo2@1.0.2
61 silly currentTree +-- base-64@0.1.0
61 silly currentTree +-- base64-arraybuffer@0.1.2
61 silly currentTree +-- base64-url@1.3.2
61 silly currentTree +-- base64id@0.1.0
61 silly currentTree +-- base64url@1.0.6
61 silly currentTree | `-- concat-stream@1.4.10
61 silly currentTree +-- basic-auth@1.0.4
61 silly currentTree +-- bcrypt-pbkdf@1.0.0
61 silly currentTree +-- bcryptjs@2.3.0
61 silly currentTree +-- benchmark@1.0.0
61 silly currentTree +-- better-assert@1.0.2
61 silly currentTree +-- bl@1.1.2
61 silly currentTree | +-- isarray@1.0.0
61 silly currentTree | `-- readable-stream@2.0.6
61 silly currentTree +-- blob@0.0.4
61 silly currentTree +-- bluebird@3.4.6
61 silly currentTree +-- body-parser@1.15.2
61 silly currentTree +-- boom@2.10.1
61 silly currentTree +-- bson@0.5.5
61 silly currentTree +-- buffer-equal-constant-time@1.0.1
61 silly currentTree +-- buffer-shims@1.0.0
61 silly currentTree +-- busboy@0.2.13
61 silly currentTree | +-- isarray@0.0.1
61 silly currentTree | `-- readable-stream@1.1.14
61 silly currentTree +-- bytes@2.4.0
61 silly currentTree +-- callsite@1.0.0
61 silly currentTree +-- camelcase-keys@1.0.0
61 silly currentTree +-- camelcase@1.2.1
61 silly currentTree +-- caseless@0.11.0
61 silly currentTree +-- chalk@1.1.3
61 silly currentTree +-- colors@1.1.2
61 silly currentTree +-- combined-stream@1.0.5
61 silly currentTree +-- commander@2.9.0
61 silly currentTree +-- component-bind@1.0.0
61 silly currentTree +-- component-emitter@1.1.2
61 silly currentTree +-- component-inherit@0.0.3
61 silly currentTree +-- concat-stream@1.5.2
61 silly currentTree | +-- isarray@1.0.0
61 silly currentTree | `-- readable-stream@2.0.6
61 silly currentTree +-- content-disposition@0.5.1
61 silly currentTree +-- content-type@1.0.2
61 silly currentTree +-- cookie-signature@1.0.6
61 silly currentTree +-- cookie@0.3.1
61 silly currentTree +-- core-util-is@1.0.2
61 silly currentTree +-- cors@2.8.1
61 silly currentTree +-- cryptiles@2.0.5
61 silly currentTree +-- dashdash@1.14.0
61 silly currentTree | `-- assert-plus@1.0.0
61 silly currentTree +-- debug@2.2.0
61 silly currentTree +-- delayed-stream@1.0.0
61 silly currentTree +-- depd@1.1.0
61 silly currentTree +-- destroy@1.0.4
61 silly currentTree +-- dicer@0.2.5
61 silly currentTree | +-- isarray@0.0.1
61 silly currentTree | `-- readable-stream@1.1.14
61 silly currentTree +-- ecc-jsbn@0.1.1
61 silly currentTree +-- ecdsa-sig-formatter@1.0.7
61 silly currentTree +-- ee-first@1.1.1
61 silly currentTree +-- encodeurl@1.0.1
61 silly currentTree +-- encoding@0.1.12
61 silly currentTree +-- engine.io-client@1.6.11
61 silly currentTree | `-- ws@1.0.1
61 silly currentTree +-- engine.io-parser@1.2.4
61 silly currentTree | `-- has-binary@0.1.6
61 silly currentTree +-- engine.io@1.6.11
61 silly currentTree | +-- accepts@1.1.4
61 silly currentTree | +-- mime-db@1.12.0
61 silly currentTree | +-- mime-types@2.0.14
61 silly currentTree | `-- negotiator@0.4.9
61 silly currentTree +-- es6-promise@3.2.1
61 silly currentTree +-- escape-html@1.0.3
61 silly currentTree +-- escape-string-regexp@1.0.5
61 silly currentTree +-- etag@1.7.0
61 silly currentTree +-- events@1.1.1
61 silly currentTree +-- express@4.14.0
61 silly currentTree +-- extend@3.0.0
61 silly currentTree +-- extsprintf@1.0.2
61 silly currentTree +-- fd-slicer@1.0.1
61 silly currentTree +-- finalhandler@0.5.0
61 silly currentTree +-- forever-agent@0.6.1
61 silly currentTree +-- form-data@2.0.0
61 silly currentTree +-- forwarded@0.1.0
61 silly currentTree +-- fresh@0.3.0
61 silly currentTree +-- generate-function@2.0.0
61 silly currentTree +-- generate-object-property@1.2.0
61 silly currentTree +-- get-stdin@4.0.1
61 silly currentTree +-- getpass@0.1.6
61 silly currentTree | `-- assert-plus@1.0.0
61 silly currentTree +-- graceful-fs@4.1.9
61 silly currentTree +-- graceful-readlink@1.0.1
61 silly currentTree +-- har-validator@2.0.6
61 silly currentTree +-- has-ansi@2.0.0
61 silly currentTree +-- has-binary@0.1.7
61 silly currentTree +-- has-cors@1.1.0
61 silly currentTree +-- hawk@3.1.3
61 silly currentTree +-- hoek@2.16.3
61 silly currentTree +-- hooks-fixed@1.2.0
61 silly currentTree +-- http-errors@1.5.0
61 silly currentTree +-- http-signature@1.1.1
61 silly currentTree +-- iconv-lite@0.4.13
61 silly currentTree +-- indent-string@1.2.2
61 silly currentTree | `-- minimist@1.2.0
61 silly currentTree +-- indexof@0.0.1
61 silly currentTree +-- inherits@2.0.1
61 silly currentTree +-- ipaddr.js@1.1.1
61 silly currentTree +-- is-finite@1.0.2
61 silly currentTree +-- is-my-json-valid@2.15.0
61 silly currentTree +-- is-property@1.0.2
61 silly currentTree +-- is-stream@1.1.0
61 silly currentTree +-- is-typedarray@1.0.0
61 silly currentTree +-- isarray@0.0.1
61 silly currentTree +-- isemail@1.2.0
61 silly currentTree +-- isomorphic-fetch@2.2.1
61 silly currentTree +-- isstream@0.1.2
61 silly currentTree +-- jodid25519@1.0.2
61 silly currentTree +-- joi@6.10.1
61 silly currentTree +-- jsbn@0.1.0
61 silly currentTree +-- json-schema@0.2.3
61 silly currentTree +-- json-stringify-safe@5.0.1
61 silly currentTree +-- json3@3.2.6
61 silly currentTree +-- jsonfile@2.4.0
61 silly currentTree +-- jsonpointer@4.0.0
61 silly currentTree +-- jsonwebtoken@7.1.9
61 silly currentTree +-- jsprim@1.3.1
61 silly currentTree +-- jwa@1.1.3
61 silly currentTree +-- jws@3.1.3
61 silly currentTree +-- jwt-simple@0.4.1
61 silly currentTree +-- kareem@1.1.3
61 silly currentTree +-- lodash.once@4.1.1
61 silly currentTree +-- lodash@4.16.3
61 silly currentTree +-- map-obj@1.0.1
61 silly currentTree +-- media-typer@0.3.0
61 silly currentTree +-- meow@2.0.0
61 silly currentTree | +-- minimist@1.2.0
61 silly currentTree | `-- object-assign@1.0.0
61 silly currentTree +-- merge-descriptors@1.0.1
61 silly currentTree +-- methods@1.1.2
61 silly currentTree +-- mime-db@1.24.0
61 silly currentTree +-- mime-types@2.1.12
61 silly currentTree +-- mime@1.3.4
61 silly currentTree +-- minimist@0.0.8
61 silly currentTree +-- mkdirp@0.5.1
61 silly currentTree +-- moment@2.15.1
61 silly currentTree +-- mongodb-core@2.0.12
61 silly currentTree +-- mongodb@2.2.10
61 silly currentTree | +-- isarray@1.0.0
61 silly currentTree | `-- readable-stream@2.1.5
61 silly currentTree +-- mongoose@4.6.2
61 silly currentTree | `-- async@2.0.1
61 silly currentTree +-- morgan@1.7.0
61 silly currentTree +-- mpath@0.2.1
61 silly currentTree +-- mpromise@0.5.5
61 silly currentTree +-- mquery@1.11.0
61 silly currentTree | +-- bluebird@2.10.2
61 silly currentTree | `-- sliced@0.0.5
61 silly currentTree +-- ms@0.7.1
61 silly currentTree +-- multer@1.2.0
61 silly currentTree +-- multiparty@4.1.2
61 silly currentTree +-- muri@1.1.1
61 silly currentTree +-- negotiator@0.6.1
61 silly currentTree +-- node-fetch@1.6.3
61 silly currentTree +-- node-uuid@1.4.7
61 silly currentTree +-- node-wit@4.1.0
61 silly currentTree +-- number-is-nan@1.0.1
61 silly currentTree +-- oauth-sign@0.8.2
61 silly currentTree +-- object-assign@3.0.0
61 silly currentTree +-- object-component@0.0.3
61 silly currentTree +-- on-finished@2.3.0
61 silly currentTree +-- on-headers@1.0.1
61 silly currentTree +-- options@0.0.6
61 silly currentTree +-- parsejson@0.0.1
61 silly currentTree +-- parseqs@0.0.2
61 silly currentTree +-- parseuri@0.0.4
61 silly currentTree +-- parseurl@1.3.1
61 silly currentTree +-- path-to-regexp@0.1.7
61 silly currentTree +-- pend@1.2.0
61 silly currentTree +-- pinkie-promise@2.0.1
61 silly currentTree +-- pinkie@2.0.4
61 silly currentTree +-- process-nextick-args@1.0.7
61 silly currentTree +-- proxy-addr@1.1.2
61 silly currentTree +-- qs@6.2.0
61 silly currentTree +-- range-parser@1.2.0
61 silly currentTree +-- raw-body@2.1.7
61 silly currentTree +-- readable-stream@1.1.14
61 silly currentTree +-- regexp-clone@0.0.1
61 silly currentTree +-- repeating@1.1.3
61 silly currentTree +-- request@2.75.0
61 silly currentTree +-- require_optional@1.0.0
61 silly currentTree +-- resolve-from@2.0.0
61 silly currentTree +-- semver@5.3.0
61 silly currentTree +-- send@0.14.1
61 silly currentTree +-- serve-static@1.11.1
61 silly currentTree +-- setprototypeof@1.0.1
61 silly currentTree +-- sliced@1.0.1
61 silly currentTree +-- sntp@1.0.9
61 silly currentTree +-- socket.io-adapter@0.4.0
61 silly currentTree | `-- socket.io-parser@2.2.2
61 silly currentTree |   `-- debug@0.7.4
61 silly currentTree +-- socket.io-client@1.4.8
61 silly currentTree | `-- component-emitter@1.2.0
61 silly currentTree +-- socket.io-parser@2.2.6
61 silly currentTree | `-- json3@3.3.2
61 silly currentTree +-- socket.io@1.4.8
61 silly currentTree +-- sshpk@1.10.1
61 silly currentTree | `-- assert-plus@1.0.0
61 silly currentTree +-- statuses@1.3.0
61 silly currentTree +-- streamsearch@0.1.2
61 silly currentTree +-- string_decoder@0.10.31
61 silly currentTree +-- stringstream@0.0.5
61 silly currentTree +-- strip-ansi@3.0.1
61 silly currentTree +-- supports-color@2.0.0
61 silly currentTree +-- to-array@0.1.4
61 silly currentTree +-- topo@1.1.0
61 silly currentTree +-- tough-cookie@2.3.1
61 silly currentTree +-- tunnel-agent@0.4.3
61 silly currentTree +-- tweetnacl@0.14.3
61 silly currentTree +-- type-is@1.6.13
61 silly currentTree +-- typedarray@0.0.6
61 silly currentTree +-- ultron@1.0.2
61 silly currentTree +-- unpipe@1.0.0
61 silly currentTree +-- utf8@2.1.0
61 silly currentTree +-- util-deprecate@1.0.2
61 silly currentTree +-- util@0.10.3
61 silly currentTree +-- utils-merge@1.0.0
61 silly currentTree +-- vary@1.1.0
61 silly currentTree +-- verror@1.3.6
61 silly currentTree +-- whatwg-fetch@1.0.0
61 silly currentTree +-- ws@1.1.0
61 silly currentTree +-- xmlhttprequest-ssl@1.5.1
61 silly currentTree +-- xtend@4.0.1
61 silly currentTree `-- yeast@0.1.2
62 silly idealTree bridgedata@0.0.0
62 silly idealTree +-- accepts@1.3.3
62 silly idealTree +-- after@0.8.1
62 silly idealTree +-- ansi-regex@2.0.0
62 silly idealTree +-- ansi-styles@2.2.1
62 silly idealTree +-- append-field@0.1.0
62 silly idealTree +-- array-flatten@1.1.1
62 silly idealTree +-- arraybuffer.slice@0.0.6
62 silly idealTree +-- asn1@0.2.3
62 silly idealTree +-- assert-plus@0.2.0
62 silly idealTree +-- async@1.5.2
62 silly idealTree +-- asynckit@0.4.0
62 silly idealTree +-- aws-sign2@0.6.0
62 silly idealTree +-- aws4@1.4.1
62 silly idealTree +-- backo2@1.0.2
62 silly idealTree +-- base-64@0.1.0
62 silly idealTree +-- base64-arraybuffer@0.1.2
62 silly idealTree +-- base64-url@1.3.2
62 silly idealTree +-- base64@2.1.0
62 silly idealTree +-- base64id@0.1.0
62 silly idealTree +-- base64url@1.0.6
62 silly idealTree | `-- concat-stream@1.4.10
62 silly idealTree +-- basic-auth@1.0.4
62 silly idealTree +-- bcrypt-pbkdf@1.0.0
62 silly idealTree +-- bcryptjs@2.3.0
62 silly idealTree +-- benchmark@1.0.0
62 silly idealTree +-- better-assert@1.0.2
62 silly idealTree +-- bl@1.1.2
62 silly idealTree | +-- isarray@1.0.0
62 silly idealTree | `-- readable-stream@2.0.6
62 silly idealTree +-- blob@0.0.4
62 silly idealTree +-- bluebird@3.4.6
62 silly idealTree +-- body-parser@1.15.2
62 silly idealTree +-- boom@2.10.1
62 silly idealTree +-- bson@0.5.5
62 silly idealTree +-- buffer-equal-constant-time@1.0.1
62 silly idealTree +-- buffer-shims@1.0.0
62 silly idealTree +-- busboy@0.2.13
62 silly idealTree | +-- isarray@0.0.1
62 silly idealTree | `-- readable-stream@1.1.14
62 silly idealTree +-- bytes@2.4.0
62 silly idealTree +-- callsite@1.0.0
62 silly idealTree +-- camelcase-keys@1.0.0
62 silly idealTree +-- camelcase@1.2.1
62 silly idealTree +-- caseless@0.11.0
62 silly idealTree +-- chalk@1.1.3
62 silly idealTree +-- colors@1.1.2
62 silly idealTree +-- combined-stream@1.0.5
62 silly idealTree +-- commander@2.9.0
62 silly idealTree +-- component-bind@1.0.0
62 silly idealTree +-- component-emitter@1.1.2
62 silly idealTree +-- component-inherit@0.0.3
62 silly idealTree +-- concat-stream@1.5.2
62 silly idealTree | +-- isarray@1.0.0
62 silly idealTree | `-- readable-stream@2.0.6
62 silly idealTree +-- content-disposition@0.5.1
62 silly idealTree +-- content-type@1.0.2
62 silly idealTree +-- cookie-signature@1.0.6
62 silly idealTree +-- cookie@0.3.1
62 silly idealTree +-- core-util-is@1.0.2
62 silly idealTree +-- cors@2.8.1
62 silly idealTree +-- cryptiles@2.0.5
62 silly idealTree +-- dashdash@1.14.0
62 silly idealTree | `-- assert-plus@1.0.0
62 silly idealTree +-- debug@2.2.0
62 silly idealTree +-- delayed-stream@1.0.0
62 silly idealTree +-- depd@1.1.0
62 silly idealTree +-- destroy@1.0.4
62 silly idealTree +-- dicer@0.2.5
62 silly idealTree | +-- isarray@0.0.1
62 silly idealTree | `-- readable-stream@1.1.14
62 silly idealTree +-- ecc-jsbn@0.1.1
62 silly idealTree +-- ecdsa-sig-formatter@1.0.7
62 silly idealTree +-- ee-first@1.1.1
62 silly idealTree +-- encodeurl@1.0.1
62 silly idealTree +-- encoding@0.1.12
62 silly idealTree +-- engine.io-client@1.6.11
62 silly idealTree | `-- ws@1.0.1
62 silly idealTree +-- engine.io-parser@1.2.4
62 silly idealTree | `-- has-binary@0.1.6
62 silly idealTree +-- engine.io@1.6.11
62 silly idealTree | +-- accepts@1.1.4
62 silly idealTree | +-- mime-db@1.12.0
62 silly idealTree | +-- mime-types@2.0.14
62 silly idealTree | `-- negotiator@0.4.9
62 silly idealTree +-- es6-promise@3.2.1
62 silly idealTree +-- escape-html@1.0.3
62 silly idealTree +-- escape-string-regexp@1.0.5
62 silly idealTree +-- etag@1.7.0
62 silly idealTree +-- events@1.1.1
62 silly idealTree +-- express@4.14.0
62 silly idealTree +-- extend@3.0.0
62 silly idealTree +-- extsprintf@1.0.2
62 silly idealTree +-- fd-slicer@1.0.1
62 silly idealTree +-- finalhandler@0.5.0
62 silly idealTree +-- forever-agent@0.6.1
62 silly idealTree +-- form-data@2.0.0
62 silly idealTree +-- forwarded@0.1.0
62 silly idealTree +-- fresh@0.3.0
62 silly idealTree +-- generate-function@2.0.0
62 silly idealTree +-- generate-object-property@1.2.0
62 silly idealTree +-- get-stdin@4.0.1
62 silly idealTree +-- getpass@0.1.6
62 silly idealTree | `-- assert-plus@1.0.0
62 silly idealTree +-- graceful-fs@4.1.9
62 silly idealTree +-- graceful-readlink@1.0.1
62 silly idealTree +-- har-validator@2.0.6
62 silly idealTree +-- has-ansi@2.0.0
62 silly idealTree +-- has-binary@0.1.7
62 silly idealTree +-- has-cors@1.1.0
62 silly idealTree +-- hawk@3.1.3
62 silly idealTree +-- hoek@2.16.3
62 silly idealTree +-- hooks-fixed@1.2.0
62 silly idealTree +-- http-errors@1.5.0
62 silly idealTree +-- http-signature@1.1.1
62 silly idealTree +-- iconv-lite@0.4.13
62 silly idealTree +-- indent-string@1.2.2
62 silly idealTree | `-- minimist@1.2.0
62 silly idealTree +-- indexof@0.0.1
62 silly idealTree +-- inherits@2.0.1
62 silly idealTree +-- ipaddr.js@1.1.1
62 silly idealTree +-- is-finite@1.0.2
62 silly idealTree +-- is-my-json-valid@2.15.0
62 silly idealTree +-- is-property@1.0.2
62 silly idealTree +-- is-stream@1.1.0
62 silly idealTree +-- is-typedarray@1.0.0
62 silly idealTree +-- isarray@0.0.1
62 silly idealTree +-- isemail@1.2.0
62 silly idealTree +-- isomorphic-fetch@2.2.1
62 silly idealTree +-- isstream@0.1.2
62 silly idealTree +-- jodid25519@1.0.2
62 silly idealTree +-- joi@6.10.1
62 silly idealTree +-- jsbn@0.1.0
62 silly idealTree +-- json-schema@0.2.3
62 silly idealTree +-- json-stringify-safe@5.0.1
62 silly idealTree +-- json3@3.2.6
62 silly idealTree +-- jsonfile@2.4.0
62 silly idealTree +-- jsonpointer@4.0.0
62 silly idealTree +-- jsonwebtoken@7.1.9
62 silly idealTree +-- jsprim@1.3.1
62 silly idealTree +-- jwa@1.1.3
62 silly idealTree +-- jws@3.1.3
62 silly idealTree +-- jwt-simple@0.4.1
62 silly idealTree +-- kareem@1.1.3
62 silly idealTree +-- lodash.once@4.1.1
62 silly idealTree +-- lodash@4.16.3
62 silly idealTree +-- map-obj@1.0.1
62 silly idealTree +-- media-typer@0.3.0
62 silly idealTree +-- meow@2.0.0
62 silly idealTree | +-- minimist@1.2.0
62 silly idealTree | `-- object-assign@1.0.0
62 silly idealTree +-- merge-descriptors@1.0.1
62 silly idealTree +-- methods@1.1.2
62 silly idealTree +-- mime-db@1.24.0
62 silly idealTree +-- mime-types@2.1.12
62 silly idealTree +-- mime@1.3.4
62 silly idealTree +-- minimist@0.0.8
62 silly idealTree +-- mkdirp@0.5.1
62 silly idealTree +-- moment@2.15.1
62 silly idealTree +-- mongodb-core@2.0.12
62 silly idealTree +-- mongodb@2.2.10
62 silly idealTree | +-- isarray@1.0.0
62 silly idealTree | `-- readable-stream@2.1.5
62 silly idealTree +-- mongoose@4.6.2
62 silly idealTree | `-- async@2.0.1
62 silly idealTree +-- morgan@1.7.0
62 silly idealTree +-- mpath@0.2.1
62 silly idealTree +-- mpromise@0.5.5
62 silly idealTree +-- mquery@1.11.0
62 silly idealTree | +-- bluebird@2.10.2
62 silly idealTree | `-- sliced@0.0.5
62 silly idealTree +-- ms@0.7.1
62 silly idealTree +-- multer@1.2.0
62 silly idealTree +-- multiparty@4.1.2
62 silly idealTree +-- muri@1.1.1
62 silly idealTree +-- negotiator@0.6.1
62 silly idealTree +-- node-fetch@1.6.3
62 silly idealTree +-- node-uuid@1.4.7
62 silly idealTree +-- node-wit@4.1.0
62 silly idealTree +-- number-is-nan@1.0.1
62 silly idealTree +-- oauth-sign@0.8.2
62 silly idealTree +-- object-assign@3.0.0
62 silly idealTree +-- object-component@0.0.3
62 silly idealTree +-- on-finished@2.3.0
62 silly idealTree +-- on-headers@1.0.1
62 silly idealTree +-- options@0.0.6
62 silly idealTree +-- parsejson@0.0.1
62 silly idealTree +-- parseqs@0.0.2
62 silly idealTree +-- parseuri@0.0.4
62 silly idealTree +-- parseurl@1.3.1
62 silly idealTree +-- path-to-regexp@0.1.7
62 silly idealTree +-- pend@1.2.0
62 silly idealTree +-- pinkie-promise@2.0.1
62 silly idealTree +-- pinkie@2.0.4
62 silly idealTree +-- process-nextick-args@1.0.7
62 silly idealTree +-- proxy-addr@1.1.2
62 silly idealTree +-- qs@6.2.0
62 silly idealTree +-- range-parser@1.2.0
62 silly idealTree +-- raw-body@2.1.7
62 silly idealTree +-- readable-stream@1.1.14
62 silly idealTree +-- regexp-clone@0.0.1
62 silly idealTree +-- repeating@1.1.3
62 silly idealTree +-- request@2.75.0
62 silly idealTree +-- require_optional@1.0.0
62 silly idealTree +-- resolve-from@2.0.0
62 silly idealTree +-- semver@5.3.0
62 silly idealTree +-- send@0.14.1
62 silly idealTree +-- serve-static@1.11.1
62 silly idealTree +-- setprototypeof@1.0.1
62 silly idealTree +-- sliced@1.0.1
62 silly idealTree +-- sntp@1.0.9
62 silly idealTree +-- socket.io-adapter@0.4.0
62 silly idealTree | `-- socket.io-parser@2.2.2
62 silly idealTree |   `-- debug@0.7.4
62 silly idealTree +-- socket.io-client@1.4.8
62 silly idealTree | `-- component-emitter@1.2.0
62 silly idealTree +-- socket.io-parser@2.2.6
62 silly idealTree | `-- json3@3.3.2
62 silly idealTree +-- socket.io@1.4.8
62 silly idealTree +-- sshpk@1.10.1
62 silly idealTree | `-- assert-plus@1.0.0
62 silly idealTree +-- statuses@1.3.0
62 silly idealTree +-- streamsearch@0.1.2
62 silly idealTree +-- string_decoder@0.10.31
62 silly idealTree +-- stringstream@0.0.5
62 silly idealTree +-- strip-ansi@3.0.1
62 silly idealTree +-- supports-color@2.0.0
62 silly idealTree +-- to-array@0.1.4
62 silly idealTree +-- topo@1.1.0
62 silly idealTree +-- tough-cookie@2.3.1
62 silly idealTree +-- tunnel-agent@0.4.3
62 silly idealTree +-- tweetnacl@0.14.3
62 silly idealTree +-- type-is@1.6.13
62 silly idealTree +-- typedarray@0.0.6
62 silly idealTree +-- ultron@1.0.2
62 silly idealTree +-- unpipe@1.0.0
62 silly idealTree +-- utf8@2.1.0
62 silly idealTree +-- util-deprecate@1.0.2
62 silly idealTree +-- util@0.10.3
62 silly idealTree +-- utils-merge@1.0.0
62 silly idealTree +-- vary@1.1.0
62 silly idealTree +-- verror@1.3.6
62 silly idealTree +-- whatwg-fetch@1.0.0
62 silly idealTree +-- ws@1.1.0
62 silly idealTree +-- xmlhttprequest-ssl@1.5.1
62 silly idealTree +-- xtend@4.0.1
62 silly idealTree `-- yeast@0.1.2
63 silly generateActionsToTake Starting
64 silly install generateActionsToTake
65 silly generateActionsToTake Finishing
66 silly diffTrees action count 1
67 silly diffTrees add base64@2.1.0
68 silly decomposeActions action count 8
69 silly decomposeActions fetch base64@2.1.0
70 silly decomposeActions extract base64@2.1.0
71 silly decomposeActions test base64@2.1.0
72 silly decomposeActions preinstall base64@2.1.0
73 silly decomposeActions build base64@2.1.0
74 silly decomposeActions install base64@2.1.0
75 silly decomposeActions postinstall base64@2.1.0
76 silly decomposeActions finalize base64@2.1.0
77 silly executeActions Starting
78 silly install executeActions
79 silly doSerial global-install 0
80 silly doParallel fetch 1
81 verbose correctMkdir /home/bridgeit/.npm/_locks correctMkdir not in flight; initializing
82 verbose lock using /home/bridgeit/.npm/_locks/staging-71ee2ef126a46170.lock for /home/bridgeit/Bridgedata/server/node_modules/.staging
83 silly doParallel extract 1
84 silly extract base64@2.1.0
85 verbose unbuild node_modules/.staging/base64-4945230a
86 silly gentlyRm /home/bridgeit/Bridgedata/server/node_modules/.staging/base64-4945230a is being purged from base /home/bridgeit/Bridgedata/server
87 verbose gentlyRm don't care about contents; nuking /home/bridgeit/Bridgedata/server/node_modules/.staging/base64-4945230a
88 verbose tar unpack /home/bridgeit/.npm/base64/2.1.0/package.tgz
89 verbose tar unpacking to /home/bridgeit/Bridgedata/server/node_modules/.staging/base64-4945230a
90 silly gentlyRm /home/bridgeit/Bridgedata/server/node_modules/.staging/base64-4945230a is being purged
91 verbose gentlyRm don't care about contents; nuking /home/bridgeit/Bridgedata/server/node_modules/.staging/base64-4945230a
92 silly gunzTarPerm modes [ '775', '664' ]
93 silly gunzTarPerm extractEntry package.json
94 silly gunzTarPerm modified mode [ 'package.json', 420, 436 ]
95 silly gunzTarPerm extractEntry .npmignore
96 silly gunzTarPerm modified mode [ '.npmignore', 420, 436 ]
97 silly gunzTarPerm extractEntry base64.cc
98 silly gunzTarPerm modified mode [ 'base64.cc', 420, 436 ]
99 silly gunzTarPerm extractEntry readme.txt
100 silly gunzTarPerm modified mode [ 'readme.txt', 420, 436 ]
101 silly gunzTarPerm extractEntry test/encode.js
102 silly gunzTarPerm modified mode [ 'test/encode.js', 420, 436 ]
103 silly gunzTarPerm extractEntry test/test.sh
104 silly gunzTarPerm modified mode [ 'test/test.sh', 420, 436 ]
105 silly gunzTarPerm extractEntry test/perl-base64-encode.pl
106 silly gunzTarPerm modified mode [ 'test/perl-base64-encode.pl', 420, 436 ]
107 silly gunzTarPerm extractEntry test/hashes.json
108 silly gunzTarPerm modified mode [ 'test/hashes.json', 420, 436 ]
109 silly gunzTarPerm extractEntry test/data/data-rand-11
110 silly gunzTarPerm modified mode [ 'test/data/data-rand-11', 420, 436 ]
111 silly gunzTarPerm extractEntry test/data/data-rand-06
112 silly gunzTarPerm modified mode [ 'test/data/data-rand-06', 420, 436 ]
113 silly gunzTarPerm extractEntry test/data/data-png.png
114 silly gunzTarPerm modified mode [ 'test/data/data-png.png', 420, 436 ]
115 silly gunzTarPerm extractEntry test/data/data-rand-09
116 silly gunzTarPerm modified mode [ 'test/data/data-rand-09', 420, 436 ]
117 silly gunzTarPerm extractEntry test/data/data-rand-08
118 silly gunzTarPerm modified mode [ 'test/data/data-rand-08', 420, 436 ]
119 silly gunzTarPerm extractEntry test/data/data-rand-05
120 silly gunzTarPerm modified mode [ 'test/data/data-rand-05', 420, 436 ]
121 silly gunzTarPerm extractEntry test/data/data-rand-03
122 silly gunzTarPerm modified mode [ 'test/data/data-rand-03', 420, 436 ]
123 silly gunzTarPerm extractEntry test/data/data-rand-10
124 silly gunzTarPerm modified mode [ 'test/data/data-rand-10', 420, 436 ]
125 silly gunzTarPerm extractEntry test/data/data-rand-13
126 silly gunzTarPerm modified mode [ 'test/data/data-rand-13', 420, 436 ]
127 silly gunzTarPerm extractEntry test/data/data-rand-14
128 silly gunzTarPerm modified mode [ 'test/data/data-rand-14', 420, 436 ]
129 silly gunzTarPerm extractEntry test/data/data-rand-20
130 silly gunzTarPerm modified mode [ 'test/data/data-rand-20', 420, 436 ]
131 silly gunzTarPerm extractEntry test/data/data-source-code.c
132 silly gunzTarPerm modified mode [ 'test/data/data-source-code.c', 420, 436 ]
133 silly gunzTarPerm extractEntry test/data/data-rand-07
134 silly gunzTarPerm modified mode [ 'test/data/data-rand-07', 420, 436 ]
135 silly gunzTarPerm extractEntry test/data/data-rand-02
136 silly gunzTarPerm modified mode [ 'test/data/data-rand-02', 420, 436 ]
137 silly gunzTarPerm extractEntry test/data/data-rand-01
138 silly gunzTarPerm modified mode [ 'test/data/data-rand-01', 420, 436 ]
139 silly gunzTarPerm extractEntry test/data/data-rand-15
140 silly gunzTarPerm modified mode [ 'test/data/data-rand-15', 420, 436 ]
141 silly gunzTarPerm extractEntry test/data/data-rand-18
142 silly gunzTarPerm modified mode [ 'test/data/data-rand-18', 420, 436 ]
143 silly gunzTarPerm extractEntry test/data/data-rand-04
144 silly gunzTarPerm modified mode [ 'test/data/data-rand-04', 420, 436 ]
145 silly gunzTarPerm extractEntry test/data/data-rand-17
146 silly gunzTarPerm modified mode [ 'test/data/data-rand-17', 420, 436 ]
147 silly gunzTarPerm extractEntry test/data/data-rand-12
148 silly gunzTarPerm modified mode [ 'test/data/data-rand-12', 420, 436 ]
149 silly gunzTarPerm extractEntry test/data/data-rand-19
150 silly gunzTarPerm modified mode [ 'test/data/data-rand-19', 420, 436 ]
151 silly gunzTarPerm extractEntry test/data/data-rand-16
152 silly gunzTarPerm modified mode [ 'test/data/data-rand-16', 420, 436 ]
153 silly gunzTarPerm extractEntry package.json~
154 silly gunzTarPerm modified mode [ 'package.json~', 420, 436 ]
155 silly gunzTarPerm extractEntry binding.gyp
156 silly gunzTarPerm modified mode [ 'binding.gyp', 420, 436 ]
157 silly gentlyRm /home/bridgeit/Bridgedata/server/node_modules/.staging/base64-4945230a/node_modules is being purged
158 verbose gentlyRm don't care about contents; nuking /home/bridgeit/Bridgedata/server/node_modules/.staging/base64-4945230a/node_modules
159 silly doParallel preinstall 1
160 silly preinstall base64@2.1.0 /home/bridgeit/Bridgedata/server/node_modules/.staging/base64-4945230a
161 info lifecycle base64@2.1.0~preinstall: base64@2.1.0
162 silly lifecycle base64@2.1.0~preinstall: no script for preinstall, continuing
163 silly doReverseSerial remove 0
164 silly doSerial move 0
165 silly doSerial finalize 1
166 silly finalize /home/bridgeit/Bridgedata/server/node_modules/base64
167 silly doSerial build 1
168 silly build base64@2.1.0
169 info linkStuff base64@2.1.0
170 silly linkStuff base64@2.1.0 has /home/bridgeit/Bridgedata/server/node_modules as its parent node_modules
171 verbose linkBins base64@2.1.0
172 verbose linkMans base64@2.1.0
173 silly doSerial global-link 0
174 silly doParallel update-linked 0
175 silly doSerial install 1
176 silly install base64@2.1.0 /home/bridgeit/Bridgedata/server/node_modules/.staging/base64-4945230a
177 info lifecycle base64@2.1.0~install: base64@2.1.0
178 verbose lifecycle base64@2.1.0~install: unsafe-perm in lifecycle true
179 verbose lifecycle base64@2.1.0~install: PATH: /usr/local/lib/node_modules/npm/bin/node-gyp-bin:/home/bridgeit/Bridgedata/server/node_modules/base64/node_modules/.bin:/home/bridgeit/Bridgedata/server/node_modules/.bin:/usr/local/bin:/usr/local/heroku/bin:/usr/local/sbin:/usr/local/bin:/usr/sbin:/usr/bin:/sbin:/bin:/usr/games:/usr/local/games
180 verbose lifecycle base64@2.1.0~install: CWD: /home/bridgeit/Bridgedata/server/node_modules/base64
181 silly lifecycle base64@2.1.0~install: Args: [ '-c', 'node-gyp rebuild' ]
182 silly lifecycle base64@2.1.0~install: Returned: code: 1  signal: null
183 info lifecycle base64@2.1.0~install: Failed to exec install script
184 verbose unlock done using /home/bridgeit/.npm/_locks/staging-71ee2ef126a46170.lock for /home/bridgeit/Bridgedata/server/node_modules/.staging
185 silly rollbackFailedOptional Starting
186 silly rollbackFailedOptional Finishing
187 silly runTopLevelLifecycles Starting
188 silly runTopLevelLifecycles Finishing
189 silly install printInstalled
190 warn bridgedata@0.0.0 No description
191 warn bridgedata@0.0.0 No repository field.
192 warn bridgedata@0.0.0 No license field.
193 verbose stack Error: base64@2.1.0 install: `node-gyp rebuild`
193 verbose stack Exit status 1
193 verbose stack     at EventEmitter.<anonymous> (/usr/local/lib/node_modules/npm/lib/utils/lifecycle.js:242:16)
193 verbose stack     at emitTwo (events.js:106:13)
193 verbose stack     at EventEmitter.emit (events.js:191:7)
193 verbose stack     at ChildProcess.<anonymous> (/usr/local/lib/node_modules/npm/lib/utils/spawn.js:40:14)
193 verbose stack     at emitTwo (events.js:106:13)
193 verbose stack     at ChildProcess.emit (events.js:191:7)
193 verbose stack     at maybeClose (internal/child_process.js:852:16)
193 verbose stack     at Process.ChildProcess._handle.onexit (internal/child_process.js:215:5)
194 verbose pkgid base64@2.1.0
195 verbose cwd /home/bridgeit/Bridgedata/server
196 error Linux 4.4.0-38-generic
197 error argv "/usr/local/bin/node" "/usr/local/bin/npm" "install" "base64" "--save"
198 error node v6.4.0
199 error npm  v3.10.3
200 error code ELIFECYCLE
201 error base64@2.1.0 install: `node-gyp rebuild`
201 error Exit status 1
202 error Failed at the base64@2.1.0 install script 'node-gyp rebuild'.
202 error Make sure you have the latest version of node.js and npm installed.
202 error If you do, this is most likely a problem with the base64 package,
202 error not with npm itself.
202 error Tell the author that this fails on your system:
202 error     node-gyp rebuild
202 error You can get information on how to open an issue for this project with:
202 error     npm bugs base64
202 error Or if that isn't available, you can get their info via:
202 error     npm owner ls base64
202 error There is likely additional logging output above.
203 verbose exit [ 1, true ]
